{"/home/zaknicholsdev/error-event-listener/src/errors.ts": {"path":"/home/zaknicholsdev/error-event-listener/src/errors.ts","statementMap":{"0":{"start":{"line":15,"column":2},"end":{"line":21,"column":5}},"1":{"start":{"line":16,"column":4},"end":{"line":16,"column":23}},"2":{"start":{"line":17,"column":4},"end":{"line":20,"column":5}},"3":{"start":{"line":18,"column":17},"end":{"line":18,"column":28}},"4":{"start":{"line":19,"column":6},"end":{"line":19,"column":40}}},"fnMap":{"0":{"name":"errorEventListener","decl":{"start":{"line":10,"column":16},"end":{"line":10,"column":34}},"loc":{"start":{"line":14,"column":3},"end":{"line":22,"column":1}},"line":14},"1":{"name":"(anonymous_1)","decl":{"start":{"line":15,"column":39},"end":{"line":15,"column":40}},"loc":{"start":{"line":15,"column":47},"end":{"line":21,"column":3}},"line":15}},"branchMap":{"0":{"loc":{"start":{"line":17,"column":4},"end":{"line":20,"column":5}},"type":"if","locations":[{"start":{"line":17,"column":4},"end":{"line":20,"column":5}},{"start":{},"end":{}}],"line":17}},"s":{"0":3,"1":4,"2":4,"3":1,"4":1},"f":{"0":3,"1":4},"b":{"0":[1,3]},"_coverageSchema":"1a1c01bbd47fc00a2c39e90264f33305004495a9","hash":"c8398ac7464c2dda14811a31a4aa43c72da254d9"}
,"/home/zaknicholsdev/error-event-listener/src/index.ts": {"path":"/home/zaknicholsdev/error-event-listener/src/index.ts","statementMap":{},"fnMap":{},"branchMap":{},"s":{},"f":{},"b":{}}
}
